0 info it worked if it ends with ok
1 verbose cli [ 'node',
1 verbose cli   '/usr/local/bin/npm',
1 verbose cli   'install',
1 verbose cli   'grunt-contrib-uglify' ]
2 info using npm@1.3.5
3 info using node@v0.10.15
4 verbose readDependencies using package.json deps
5 verbose cache add [ 'grunt-contrib-uglify', null ]
6 verbose cache add name=undefined spec="grunt-contrib-uglify" args=["grunt-contrib-uglify",null]
7 verbose parsed url { protocol: null,
7 verbose parsed url   slashes: null,
7 verbose parsed url   auth: null,
7 verbose parsed url   host: null,
7 verbose parsed url   port: null,
7 verbose parsed url   hostname: null,
7 verbose parsed url   hash: null,
7 verbose parsed url   search: null,
7 verbose parsed url   query: null,
7 verbose parsed url   pathname: 'grunt-contrib-uglify',
7 verbose parsed url   path: 'grunt-contrib-uglify',
7 verbose parsed url   href: 'grunt-contrib-uglify' }
8 silly lockFile 9dabf0fb-grunt-contrib-uglify grunt-contrib-uglify
9 verbose lock grunt-contrib-uglify /Users/Haemp/.npm/9dabf0fb-grunt-contrib-uglify.lock
10 silly lockFile 9dabf0fb-grunt-contrib-uglify grunt-contrib-uglify
11 silly lockFile 9dabf0fb-grunt-contrib-uglify grunt-contrib-uglify
12 verbose addNamed [ 'grunt-contrib-uglify', '' ]
13 verbose addNamed [ null, '*' ]
14 silly lockFile 1f4692e4-grunt-contrib-uglify grunt-contrib-uglify@
15 verbose lock grunt-contrib-uglify@ /Users/Haemp/.npm/1f4692e4-grunt-contrib-uglify.lock
16 silly addNameRange { name: 'grunt-contrib-uglify', range: '*', hasData: false }
17 verbose url raw grunt-contrib-uglify
18 verbose url resolving [ 'https://registry.npmjs.org/', './grunt-contrib-uglify' ]
19 verbose url resolved https://registry.npmjs.org/grunt-contrib-uglify
20 info trying registry request attempt 1 at 12:09:02
21 verbose etag "8K3CNBBYXD06GAS2VH2V7OB1"
22 http GET https://registry.npmjs.org/grunt-contrib-uglify
23 http 304 https://registry.npmjs.org/grunt-contrib-uglify
24 silly registry.get cb [ 304,
24 silly registry.get   { date: 'Wed, 26 Mar 2014 12:08:58 GMT',
24 silly registry.get     server: 'Apache',
24 silly registry.get     via: '1.1 varnish',
24 silly registry.get     'last-modified': 'Wed, 26 Mar 2014 12:08:58 GMT',
24 silly registry.get     'cache-control': 'max-age=1',
24 silly registry.get     etag: '"8K3CNBBYXD06GAS2VH2V7OB1"',
24 silly registry.get     'x-served-by': 'cache-lcy1122-LCY',
24 silly registry.get     'x-cache': 'HIT',
24 silly registry.get     'x-cache-hits': '1',
24 silly registry.get     'x-timer': 'S1395835738.507052422,VS0,VE99',
24 silly registry.get     vary: 'Accept',
24 silly registry.get     'content-length': '0',
24 silly registry.get     'keep-alive': 'timeout=10, max=50',
24 silly registry.get     connection: 'Keep-Alive' } ]
25 verbose etag grunt-contrib-uglify from cache
26 silly addNameRange number 2 { name: 'grunt-contrib-uglify', range: '*', hasData: true }
27 silly addNameRange versions [ 'grunt-contrib-uglify',
27 silly addNameRange   [ '0.1.0',
27 silly addNameRange     '0.1.1',
27 silly addNameRange     '0.1.2',
27 silly addNameRange     '0.2.0',
27 silly addNameRange     '0.2.1',
27 silly addNameRange     '0.2.2',
27 silly addNameRange     '0.2.3',
27 silly addNameRange     '0.2.4',
27 silly addNameRange     '0.2.5',
27 silly addNameRange     '0.2.6',
27 silly addNameRange     '0.2.7',
27 silly addNameRange     '0.3.0',
27 silly addNameRange     '0.3.1',
27 silly addNameRange     '0.1.1-rc5',
27 silly addNameRange     '0.1.1-rc6',
27 silly addNameRange     '0.3.2',
27 silly addNameRange     '0.3.3',
27 silly addNameRange     '0.4.0' ] ]
28 verbose addNamed [ 'grunt-contrib-uglify', '0.4.0' ]
29 verbose addNamed [ '0.4.0', '0.4.0' ]
30 silly lockFile a0aad41b-grunt-contrib-uglify-0-4-0 grunt-contrib-uglify@0.4.0
31 verbose lock grunt-contrib-uglify@0.4.0 /Users/Haemp/.npm/a0aad41b-grunt-contrib-uglify-0-4-0.lock
32 silly lockFile a0aad41b-grunt-contrib-uglify-0-4-0 grunt-contrib-uglify@0.4.0
33 silly lockFile a0aad41b-grunt-contrib-uglify-0-4-0 grunt-contrib-uglify@0.4.0
34 silly lockFile 1f4692e4-grunt-contrib-uglify grunt-contrib-uglify@
35 silly lockFile 1f4692e4-grunt-contrib-uglify grunt-contrib-uglify@
36 silly resolved [ { name: 'grunt-contrib-uglify',
36 silly resolved     description: 'Minify files with UglifyJS.',
36 silly resolved     version: '0.4.0',
36 silly resolved     homepage: 'https://github.com/gruntjs/grunt-contrib-uglify',
36 silly resolved     author: { name: 'Grunt Team', url: 'http://gruntjs.com/' },
36 silly resolved     repository:
36 silly resolved      { type: 'git',
36 silly resolved        url: 'git://github.com/gruntjs/grunt-contrib-uglify.git' },
36 silly resolved     bugs: { url: 'https://github.com/gruntjs/grunt-contrib-uglify/issues' },
36 silly resolved     licenses: [ [Object] ],
36 silly resolved     engines: { node: '>=0.10.0' },
36 silly resolved     scripts: { test: 'grunt test' },
36 silly resolved     dependencies: { 'uglify-js': '^2.4.0', chalk: '^0.4.0', maxmin: '^0.1.0' },
36 silly resolved     devDependencies:
36 silly resolved      { 'grunt-contrib-jshint': '^0.8.0',
36 silly resolved        'grunt-contrib-nodeunit': '^0.3.2',
36 silly resolved        'grunt-contrib-clean': '^0.5.0',
36 silly resolved        'grunt-contrib-internal': '^0.4.2',
36 silly resolved        grunt: '^0.4.2' },
36 silly resolved     peerDependencies: { grunt: '^0.4.0' },
36 silly resolved     keywords: [ 'gruntplugin' ],
36 silly resolved     files: [ 'tasks', 'LICENSE-MIT' ],
36 silly resolved     readme: '# grunt-contrib-uglify v0.4.0 [![Build Status](https://travis-ci.org/gruntjs/grunt-contrib-uglify.png?branch=master)](https://travis-ci.org/gruntjs/grunt-contrib-uglify)\n\n> Minify files with UglifyJS.\n\n\n\n## Getting Started\nThis plugin requires Grunt `^0.4.0`\n\nIf you haven\'t used [Grunt](http://gruntjs.com/) before, be sure to check out the [Getting Started](http://gruntjs.com/getting-started) guide, as it explains how to create a [Gruntfile](http://gruntjs.com/sample-gruntfile) as well as install and use Grunt plugins. Once you\'re familiar with that process, you may install this plugin with this command:\n\n```shell\nnpm install grunt-contrib-uglify --save-dev\n```\n\nOnce the plugin has been installed, it may be enabled inside your Gruntfile with this line of JavaScript:\n\n```js\ngrunt.loadNpmTasks(\'grunt-contrib-uglify\');\n```\n\n\n\n\n## Uglify task\n_Run this task with the `grunt uglify` command._\n\nTask targets, files and options may be specified according to the grunt [Configuring tasks](http://gruntjs.com/configuring-tasks) guide.\n\n### Migrating from 2.x to 3.x\n\nVersion `3.x` introduced changes to configuring source maps. Accordingly, if you don\'t use the source map options you should be able to upgrade seamlessly. If you do use source maps, see below.\n\n#### Removed options\n\n`sourceMapRoot` - The location of your sources is now calculated for you when `sourceMap` is set to `true`  \n`sourceMapPrefix` - No longer necessary for the above reason  \n`sourceMappingURL` - Once again, this is calculated automatically\n\n#### Changed options\n\n`sourceMap` - Only accepts a `Boolean` value. Generates a map with a default name for you  \n\n#### New options\n\n`sourceMapName` - Accepts a string or function to change the location or name of your map\n`sourceMapIncludeSources` - Embed the content of your source files directly into the map\n\n### Options\n\nThis task primarily delegates to [UglifyJS2][], so please consider the [UglifyJS documentation][] as required reading for advanced configuration.\n\n[UglifyJS2]: https://github.com/mishoo/UglifyJS2\n[UglifyJS documentation]: http://lisperator.net/uglifyjs/\n\n#### mangle\nType: `Boolean` `Object`  \nDefault: `{}`\n\nTurn on or off mangling with default options. If an `Object` is specified, it is passed directly to `ast.mangle_names()` *and* `ast.compute_char_frequency()` (mimicking command line behavior).\n\n#### compress\nType: `Boolean` `Object`  \nDefault: `{}`\n\nTurn on or off source compression with default options. If an `Object` is specified, it is passed as options to `UglifyJS.Compressor()`.\n\n#### beautify\nType: `Boolean` `Object`  \nDefault: `false`\n\nTurns on beautification of the generated source code. An `Object` will be merged and passed with the options sent to `UglifyJS.OutputStream()`\n\n#### report\nChoices: `\'min\'`, `\'gzip\'`  \nDefault: `\'min\'`\n\nEither report only minification result or report minification and gzip results.\nThis is useful to see exactly how well clean-css is performing but using `\'gzip\'` will make the task take 5-10x longer to complete. [Example output](https://github.com/sindresorhus/maxmin#readme).\n\n#### sourceMap\nType: `Boolean`  \nDefault: `false`\n\nIf `true`, a source map file will be generated in the same directory as the `dest` file. By default it will have the same basename as the `dest` file, but with a `.map` extension.\n\n#### sourceMapName\nType: `String`  `Function`  \nDefault: `undefined`\n\nTo customize the name or location of the generated source map, pass a string to indicate where to write the source map to. If a function is provided, the uglify destination is passed as the argument and the return value will be used as the file name.\n\n#### sourceMapIn\nType: `String`  `Function`  \nDefault: `undefined`\n\nThe location of an input source map from an earlier compilation, e.g. from CoffeeScript. If a function is provided, the\nuglify source is passed as the argument and the return value will be used as the sourceMap name. This only makes sense\nwhen there\'s one source file.\n\n#### sourceMapIncludeSources\nType: `Boolean`\nDefault: `false`\n\nPass this flag if you want to include the content of source files in the source map as sourcesContent property.\n\n###### enclose\nType: `Object`  \nDefault: `undefined`\n\nWrap all of the code in a closure with a configurable arguments/parameters list.\nEach key-value pair in the `enclose` object is effectively an argument-parameter pair.\n\n#### wrap\nType: `String`  \nDefault: `undefined`\n\nWrap all of the code in a closure, an easy way to make sure nothing is leaking.\nFor variables that need to be public `exports` and `global` variables are made available.\nThe value of wrap is the global variable exports will be available as.\n\n#### exportAll\nType: `Boolean`  \nDefault: `false`\n\nWhen using `wrap` this will make all global functions and variables available via the export variable.\n\n#### preserveComments\nType: `Boolean` `String` `Function`  \nDefault: `undefined`  \nOptions: `false` `\'all\'` `\'some\'`\n\nTurn on preservation of comments.\n\n- `false` will strip all comments\n- `\'all\'` will preserve all comments in code blocks that have not been squashed or dropped\n- `\'some\'` will preserve all comments that start with a bang (`!`) or include a closure compiler style directive (`@preserve` `@license` `@cc_on`)\n- `Function` specify your own comment preservation function. You will be passed the current node and the current comment and are expected to return either `true` or `false`\n\n#### banner\nType: `String`  \nDefault: empty string\n\nThis string will be prepended to the minified output.  Template strings (e.g. `<%= config.value %>` will be expanded automatically.\n\n#### footer\nType: `String`  \nDefault: empty string\n\nThis string will be appended to the minified output.  Template strings (e.g. `<%= config.value %>` will be expanded automatically.\n\n### Usage examples\n\n#### Basic compression\n\nThis configuration will compress and mangle the input files using the default options.\n\n```js\n// Project configuration.\ngrunt.initConfig({\n  uglify: {\n    my_target: {\n      files: {\n        \'dest/output.min.js\': [\'src/input1.js\', \'src/input2.js\']\n      }\n    }\n  }\n});\n```\n\n#### No mangling\n\nSpecify `mangle: false` to prevent changes to your variable and function names.\n\n```js\n// Project configuration.\ngrunt.initConfig({\n  uglify: {\n    options: {\n      mangle: false\n    },\n    my_target: {\n      files: {\n        \'dest/output.min.js\': [\'src/input.js\']\n      }\n    }\n  }\n});\n```\n\n#### Reserved identifiers\n\nYou can specify identifiers to leave untouched with an `except` array in the `mangle` options.\n\n```js\n// Project configuration.\ngrunt.initConfig({\n  uglify: {\n    options: {\n      mangle: {\n        except: [\'jQuery\', \'Backbone\']\n      }\n    },\n    my_target: {\n      files: {\n        \'dest/output.min.js\': [\'src/input.js\']\n      }\n    }\n  }\n});\n```\n\n#### Source maps\n\nGenerate a source map by setting the `sourceMap` option to `true`. The generated\nsource map will be in the same directory as the destination file. Its name will be the\nbasename of the destination file with a `.map` extension. Override these\ndefaults with the `sourceMapName` attribute.\n\n```js\n// Project configuration.\ngrunt.initConfig({\n  uglify: {\n    my_target: {\n      options: {\n        sourceMap: true,\n        sourceMapName: \'path/to/sourcemap.map\'\n      },\n      files: {\n        \'dest/output.min.js\': [\'src/input.js\']\n      }\n    }\n  }\n});\n```\n\n#### Advanced source maps\n\nSet the `sourceMapIncludeSources` option to `true` to embed your sources directly into the map. To include\na source map from a previous compilation pass it as the value of the `sourceMapIn` option.\n\n```js\n// Project configuration.\ngrunt.initConfig({\n  uglify: {\n    my_target: {\n      options: {\n        sourceMap: true,\n        sourceMapIncludeSources: true,\n        sourceMapIn: \'example/coffeescript-sourcemap.js\', // input sourcemap from a previous compilation\n      },\n      files: {\n        \'dest/output.min.js\': [\'src/input.js\'],\n      },\n    },\n  },\n});\n```\n\nRefer to the [UglifyJS SourceMap Documentation](http://lisperator.net/uglifyjs/codegen#source-map) for more information.\n\n\n#### Discard console.* functions\n\nSpecify `drop_console: true` as part of the `compress` options to discard calls to `console.*` functions.\n\n```js\n// Project configuration.\ngrunt.initConfig({\n  uglify: {\n    options: {\n      compress: {\n        drop_console: true\n      }\n    },\n    my_target: {\n      files: {\n        \'dest/output.min.js\': [\'src/input.js\']\n      }\n    }\n  }\n});\n```\n\n#### Beautify\n\nSpecify `beautify: true` to beautify your code for debugging/troubleshooting purposes.\nPass an object to manually configure any other output options passed directly to `UglifyJS.OutputStream()`.\n\nSee [UglifyJS Codegen documentation](http://lisperator.net/uglifyjs/codegen) for more information.\n\n_Note that manual configuration will require you to explicitly set `beautify: true` if you want traditional, beautified output._\n\n```js\n// Project configuration.\ngrunt.initConfig({\n  uglify: {\n    my_target: {\n      options: {\n        beautify: true\n      },\n      files: {\n        \'dest/output.min.js\': [\'src/input.js\']\n      }\n    },\n    my_advanced_target: {\n      options: {\n        beautify: {\n          width: 80,\n          beautify: true\n        }\n      },\n      files: {\n        \'dest/output.min.js\': [\'src/input.js\']\n      }\n    }\n  }\n});\n```\n\n#### Banner comments\n\nIn this example, running `grunt uglify:my_target` will prepend a banner created by interpolating the `banner` template string with the config object. Here, those properties are the values imported from the `package.json` file (which are available via the `pkg` config property) plus today\'s date.\n\n_Note: you don\'t have to use an external JSON file. It\'s also valid to create the `pkg` object inline in the config. That being said, if you already have a JSON file, you might as well reference it._\n\n```js\n// Project configuration.\ngrunt.initConfig({\n  pkg: grunt.file.readJSON(\'package.json\'),\n  uglify: {\n    options: {\n      banner: \'/*! <%= pkg.name %> - v<%= pkg.version %> - \' +\n        \'<%= grunt.template.today("yyyy-mm-dd") %> */\'\n    },\n    my_target: {\n      files: {\n        \'dest/output.min.js\': [\'src/input.js\']\n      }\n    }\n  }\n});\n```\n\n#### Conditional compilation\n\nYou can also enable UglifyJS conditional compilation. This is commonly used to remove debug code blocks for production builds.\n\nSee [UglifyJS global definitions documentation](http://lisperator.net/uglifyjs/compress#global-defs) for more information.\n\n```js\n// Project configuration.\ngrunt.initConfig({\n  uglify: {\n    options: {\n      compress: {\n        global_defs: {\n          "DEBUG": false\n        },\n        dead_code: true\n      }\n    },\n    my_target: {\n      files: {\n        \'dest/output.min.js\': [\'src/input.js\']\n      }\n    }\n  }\n});\n```\n#### Compiling all files in a folder dynamically\n\nThis configuration will compress and mangle the files dynamically.\n\n```js\n// Project configuration.\ngrunt.initConfig({\n  uglify: {\n    my_target: {\n      files: [{\n          expand: true,\n          cwd: \'src/js\',\n          src: \'**/*.js\',\n          dest: \'dest/js\'\n      }]\n    }\n  }\n});\n```\n\n\n## Release History\n\n * 2014-02-27   v0.3.3   remove unnecessary calls to `grunt.template.process`\n * 2014-01-22   v0.3.2   fix handling of `sourceMapIncludeSources` option.\n * 2014-01-20   v0.3.1   fix relative path issue in sourcemaps\n * 2014-01-16   v0.3.0   refactor sourcemap support\n * 2013-11-09   v0.2.7   prepending banner if sourceMap option not set, addresses\n * 2013-11-08   v0.2.6   merged 45, 53, 85 (105 by way of duping 53) Added support for banners in uglified files with sourcemaps Updated docs\n * 2013-10-28   v0.2.5   Added warning for banners when using sourcemaps\n * 2013-09-02   v0.2.4   updated sourcemap format via /83\n * 2013-06-10   v0.2.3   added footer option\n * 2013-05-31   v0.2.2   Reverted /56 due to /58 until [chrome/239660](https://code.google.com/p/chromium/issues/detail?id=239660&q=sourcemappingurl&colspec=ID%20Pri%20M%20Iteration%20ReleaseBlock%20Cr%20Status%20Owner%20Summary%20OS%20Modified) [firefox/870361](https://bugzilla.mozilla.org/show_bug.cgi?id=870361) drop\n * 2013-05-22   v0.2.1   Bumped uglify to ~2.3.5 /55 /40 Changed sourcemappingUrl syntax /56 Disabled sorting of names for consistent mangling /44 Updated docs for sourceMapRoot /47 /25\n * 2013-03-14   v0.2.0   No longer report gzip results by default. Support `report` option.\n * 2013-01-30   v0.1.2   Added better error reporting Support for dynamic names of multiple sourcemaps\n * 2013-02-15   v0.1.1   First official release for Grunt 0.4.0.\n * 2013-01-18   v0.1.1rc6   Updating grunt/gruntplugin dependencies to rc6. Changing in-development grunt/gruntplugin dependency versions from tilde version ranges to specific versions.\n * 2013-01-09   v0.1.1rc5   Updating to work with grunt v0.4.0rc5. Switching back to this.files api.\n * 2012-11-28   v0.1.0   Work in progress, not yet officially released.\n\n---\n\nTask submitted by ["Cowboy" Ben Alman](http://benalman.com)\n\n*This file was generated on Sat Mar 01 2014 20:36:24.*\n',
36 silly resolved     readmeFilename: 'README.md',
36 silly resolved     _id: 'grunt-contrib-uglify@0.4.0',
36 silly resolved     _from: 'grunt-contrib-uglify@' } ]
37 info install grunt-contrib-uglify@0.4.0 into /Applications/MAMP/htdocs/libs/angular-gettext
38 info installOne grunt-contrib-uglify@0.4.0
39 info /Applications/MAMP/htdocs/libs/angular-gettext/node_modules/grunt-contrib-uglify unbuild
40 verbose tar unpack /Users/Haemp/.npm/grunt-contrib-uglify/0.4.0/package.tgz
41 silly lockFile ba67c193-ode-modules-grunt-contrib-uglify tar:///Applications/MAMP/htdocs/libs/angular-gettext/node_modules/grunt-contrib-uglify
42 verbose lock tar:///Applications/MAMP/htdocs/libs/angular-gettext/node_modules/grunt-contrib-uglify /Users/Haemp/.npm/ba67c193-ode-modules-grunt-contrib-uglify.lock
43 silly lockFile 517bce22-contrib-uglify-0-4-0-package-tgz tar:///Users/Haemp/.npm/grunt-contrib-uglify/0.4.0/package.tgz
44 verbose lock tar:///Users/Haemp/.npm/grunt-contrib-uglify/0.4.0/package.tgz /Users/Haemp/.npm/517bce22-contrib-uglify-0-4-0-package-tgz.lock
45 silly gunzTarPerm modes [ '755', '644' ]
46 silly gunzTarPerm extractEntry package.json
47 silly gunzTarPerm extractEntry README.md
48 silly gunzTarPerm extractEntry LICENSE-MIT
49 silly gunzTarPerm extractEntry tasks/uglify.js
50 silly gunzTarPerm extractEntry tasks/lib/uglify.js
51 silly lockFile ba67c193-ode-modules-grunt-contrib-uglify tar:///Applications/MAMP/htdocs/libs/angular-gettext/node_modules/grunt-contrib-uglify
52 silly lockFile ba67c193-ode-modules-grunt-contrib-uglify tar:///Applications/MAMP/htdocs/libs/angular-gettext/node_modules/grunt-contrib-uglify
53 silly lockFile 517bce22-contrib-uglify-0-4-0-package-tgz tar:///Users/Haemp/.npm/grunt-contrib-uglify/0.4.0/package.tgz
54 silly lockFile 517bce22-contrib-uglify-0-4-0-package-tgz tar:///Users/Haemp/.npm/grunt-contrib-uglify/0.4.0/package.tgz
55 info preinstall grunt-contrib-uglify@0.4.0
56 verbose readDependencies using package.json deps
57 verbose readDependencies using package.json deps
58 verbose cache add [ 'uglify-js@^2.4.0', null ]
59 verbose cache add name=undefined spec="uglify-js@^2.4.0" args=["uglify-js@^2.4.0",null]
60 verbose parsed url { protocol: null,
60 verbose parsed url   slashes: null,
60 verbose parsed url   auth: null,
60 verbose parsed url   host: null,
60 verbose parsed url   port: null,
60 verbose parsed url   hostname: null,
60 verbose parsed url   hash: null,
60 verbose parsed url   search: null,
60 verbose parsed url   query: null,
60 verbose parsed url   pathname: 'uglify-js@^2.4.0',
60 verbose parsed url   path: 'uglify-js@^2.4.0',
60 verbose parsed url   href: 'uglify-js@^2.4.0' }
61 verbose cache add name="uglify-js" spec="^2.4.0" args=["uglify-js","^2.4.0"]
62 verbose parsed url { protocol: null,
62 verbose parsed url   slashes: null,
62 verbose parsed url   auth: null,
62 verbose parsed url   host: null,
62 verbose parsed url   port: null,
62 verbose parsed url   hostname: null,
62 verbose parsed url   hash: null,
62 verbose parsed url   search: null,
62 verbose parsed url   query: null,
62 verbose parsed url   pathname: '^2.4.0',
62 verbose parsed url   path: '^2.4.0',
62 verbose parsed url   href: '^2.4.0' }
63 verbose addNamed [ 'uglify-js', '^2.4.0' ]
64 verbose addNamed [ null, null ]
65 silly lockFile 0517be62-uglify-js-2-4-0 uglify-js@^2.4.0
66 verbose lock uglify-js@^2.4.0 /Users/Haemp/.npm/0517be62-uglify-js-2-4-0.lock
67 verbose cache add [ 'chalk@^0.4.0', null ]
68 verbose cache add name=undefined spec="chalk@^0.4.0" args=["chalk@^0.4.0",null]
69 verbose parsed url { protocol: null,
69 verbose parsed url   slashes: null,
69 verbose parsed url   auth: null,
69 verbose parsed url   host: null,
69 verbose parsed url   port: null,
69 verbose parsed url   hostname: null,
69 verbose parsed url   hash: null,
69 verbose parsed url   search: null,
69 verbose parsed url   query: null,
69 verbose parsed url   pathname: 'chalk@^0.4.0',
69 verbose parsed url   path: 'chalk@^0.4.0',
69 verbose parsed url   href: 'chalk@^0.4.0' }
70 verbose cache add name="chalk" spec="^0.4.0" args=["chalk","^0.4.0"]
71 verbose parsed url { protocol: null,
71 verbose parsed url   slashes: null,
71 verbose parsed url   auth: null,
71 verbose parsed url   host: null,
71 verbose parsed url   port: null,
71 verbose parsed url   hostname: null,
71 verbose parsed url   hash: null,
71 verbose parsed url   search: null,
71 verbose parsed url   query: null,
71 verbose parsed url   pathname: '^0.4.0',
71 verbose parsed url   path: '^0.4.0',
71 verbose parsed url   href: '^0.4.0' }
72 verbose addNamed [ 'chalk', '^0.4.0' ]
73 verbose addNamed [ null, null ]
74 silly lockFile b2f4396d-chalk-0-4-0 chalk@^0.4.0
75 verbose lock chalk@^0.4.0 /Users/Haemp/.npm/b2f4396d-chalk-0-4-0.lock
76 verbose cache add [ 'maxmin@^0.1.0', null ]
77 verbose cache add name=undefined spec="maxmin@^0.1.0" args=["maxmin@^0.1.0",null]
78 verbose parsed url { protocol: null,
78 verbose parsed url   slashes: null,
78 verbose parsed url   auth: null,
78 verbose parsed url   host: null,
78 verbose parsed url   port: null,
78 verbose parsed url   hostname: null,
78 verbose parsed url   hash: null,
78 verbose parsed url   search: null,
78 verbose parsed url   query: null,
78 verbose parsed url   pathname: 'maxmin@^0.1.0',
78 verbose parsed url   path: 'maxmin@^0.1.0',
78 verbose parsed url   href: 'maxmin@^0.1.0' }
79 verbose cache add name="maxmin" spec="^0.1.0" args=["maxmin","^0.1.0"]
80 verbose parsed url { protocol: null,
80 verbose parsed url   slashes: null,
80 verbose parsed url   auth: null,
80 verbose parsed url   host: null,
80 verbose parsed url   port: null,
80 verbose parsed url   hostname: null,
80 verbose parsed url   hash: null,
80 verbose parsed url   search: null,
80 verbose parsed url   query: null,
80 verbose parsed url   pathname: '^0.1.0',
80 verbose parsed url   path: '^0.1.0',
80 verbose parsed url   href: '^0.1.0' }
81 verbose addNamed [ 'maxmin', '^0.1.0' ]
82 verbose addNamed [ null, null ]
83 silly lockFile c75f66b7-maxmin-0-1-0 maxmin@^0.1.0
84 verbose lock maxmin@^0.1.0 /Users/Haemp/.npm/c75f66b7-maxmin-0-1-0.lock
85 info addNameTag [ 'uglify-js', '^2.4.0' ]
86 info addNameTag [ 'chalk', '^0.4.0' ]
87 info addNameTag [ 'maxmin', '^0.1.0' ]
88 verbose url raw maxmin
89 verbose url resolving [ 'https://registry.npmjs.org/', './maxmin' ]
90 verbose url resolved https://registry.npmjs.org/maxmin
91 info trying registry request attempt 1 at 12:09:02
92 verbose etag "7VCMTF2PJTRFBW5H2HTUSC74T"
93 http GET https://registry.npmjs.org/maxmin
94 verbose url raw chalk
95 verbose url resolving [ 'https://registry.npmjs.org/', './chalk' ]
96 verbose url resolved https://registry.npmjs.org/chalk
97 info trying registry request attempt 1 at 12:09:02
98 verbose etag "ZI1L1DZRJYRJXBINR22D2C5B"
99 http GET https://registry.npmjs.org/chalk
100 verbose url raw uglify-js
101 verbose url resolving [ 'https://registry.npmjs.org/', './uglify-js' ]
102 verbose url resolved https://registry.npmjs.org/uglify-js
103 info trying registry request attempt 1 at 12:09:02
104 verbose etag "2KP00W1A9M7PZVDS8RKMYO837"
105 http GET https://registry.npmjs.org/uglify-js
106 http 304 https://registry.npmjs.org/maxmin
107 silly registry.get cb [ 304,
107 silly registry.get   { date: 'Wed, 26 Mar 2014 12:08:58 GMT',
107 silly registry.get     server: 'Apache',
107 silly registry.get     via: '1.1 varnish',
107 silly registry.get     'last-modified': 'Wed, 26 Mar 2014 12:08:58 GMT',
107 silly registry.get     'cache-control': 'max-age=1',
107 silly registry.get     etag: '"7VCMTF2PJTRFBW5H2HTUSC74T"',
107 silly registry.get     'x-served-by': 'cache-lcy1130-LCY',
107 silly registry.get     'x-cache': 'HIT',
107 silly registry.get     'x-cache-hits': '1',
107 silly registry.get     'x-timer': 'S1395835738.719082355,VS0,VE169',
107 silly registry.get     vary: 'Accept',
107 silly registry.get     'content-length': '0',
107 silly registry.get     'keep-alive': 'timeout=10, max=50',
107 silly registry.get     connection: 'Keep-Alive' } ]
108 verbose etag maxmin from cache
109 http 304 https://registry.npmjs.org/chalk
110 silly registry.get cb [ 304,
110 silly registry.get   { date: 'Wed, 26 Mar 2014 12:08:58 GMT',
110 silly registry.get     server: 'Apache',
110 silly registry.get     via: '1.1 varnish',
110 silly registry.get     'last-modified': 'Wed, 26 Mar 2014 12:08:58 GMT',
110 silly registry.get     'cache-control': 'max-age=1',
110 silly registry.get     etag: '"ZI1L1DZRJYRJXBINR22D2C5B"',
110 silly registry.get     'x-served-by': 'cache-lcy1128-LCY',
110 silly registry.get     'x-cache': 'HIT',
110 silly registry.get     'x-cache-hits': '1',
110 silly registry.get     'x-timer': 'S1395835738.719440222,VS0,VE172',
110 silly registry.get     vary: 'Accept',
110 silly registry.get     'content-length': '0',
110 silly registry.get     'keep-alive': 'timeout=10, max=50',
110 silly registry.get     connection: 'Keep-Alive' } ]
111 verbose etag chalk from cache
112 silly lockFile c75f66b7-maxmin-0-1-0 maxmin@^0.1.0
113 silly lockFile c75f66b7-maxmin-0-1-0 maxmin@^0.1.0
114 silly lockFile b2f4396d-chalk-0-4-0 chalk@^0.4.0
115 silly lockFile b2f4396d-chalk-0-4-0 chalk@^0.4.0
116 verbose about to build /Applications/MAMP/htdocs/libs/angular-gettext/node_modules/grunt-contrib-uglify
117 info /Applications/MAMP/htdocs/libs/angular-gettext/node_modules/grunt-contrib-uglify unbuild
118 info preuninstall grunt-contrib-uglify@0.4.0
119 info uninstall grunt-contrib-uglify@0.4.0
120 verbose true,/Applications/MAMP/htdocs/libs/angular-gettext/node_modules,/Applications/MAMP/htdocs/libs/angular-gettext/node_modules unbuild grunt-contrib-uglify@0.4.0
121 info postuninstall grunt-contrib-uglify@0.4.0
122 error Error: No compatible version found: maxmin@'^0.1.0'
122 error Valid install targets:
122 error ["0.1.0"]
122 error     at installTargetsError (/usr/local/lib/node_modules/npm/lib/cache.js:719:10)
122 error     at /usr/local/lib/node_modules/npm/lib/cache.js:638:10
122 error     at saved (/usr/local/lib/node_modules/npm/node_modules/npm-registry-client/lib/get.js:142:7)
122 error     at /usr/local/lib/node_modules/npm/node_modules/graceful-fs/polyfills.js:133:7
122 error     at Object.oncomplete (fs.js:107:15)
123 error If you need help, you may report this log at:
123 error     <http://github.com/isaacs/npm/issues>
123 error or email it to:
123 error     <npm-@googlegroups.com>
124 error System Darwin 13.1.0
125 error command "node" "/usr/local/bin/npm" "install" "grunt-contrib-uglify"
126 error cwd /Applications/MAMP/htdocs/libs/angular-gettext
127 error node -v v0.10.15
128 error npm -v 1.3.5
129 verbose exit [ 1, true ]
